Using pre-set license
Built from '2022.3/release' branch; Version is '2022.3.18f1 (d29bea25151d) revision 13802474'; Using compiler version '192829333'; Build Type 'Release'
OS: 'Windows 11  (10.0.22631) 64bit Professional' Language: 'ru' Physical Memory: 7103 MB
BatchMode: 1, IsHumanControllingUs: 0, StartBugReporterOnCrash: 0, Is64bit: 1, IsPro: 1

COMMAND LINE ARGUMENTS:
C:\Program Files\Unity\Hub\Editor\2022.3.18f1\Editor\Unity.exe
-adb2
-batchMode
-noUpm
-name
AssetImportWorker0
-projectPath
C:/Users/Азалия/Documents/git repos/CityGenerator/CityGenerator
-logFile
Logs/AssetImportWorker0.log
-srvPort
58466
Successfully changed project path to: C:/Users/Азалия/Documents/git repos/CityGenerator/CityGenerator
C:/Users/Азалия/Documents/git repos/CityGenerator/CityGenerator
[UnityMemory] Configuration Parameters - Can be set up in boot.config
    "memorysetup-bucket-allocator-granularity=16"
    "memorysetup-bucket-allocator-bucket-count=8"
    "memorysetup-bucket-allocator-block-size=33554432"
    "memorysetup-bucket-allocator-block-count=8"
    "memorysetup-main-allocator-block-size=16777216"
    "memorysetup-thread-allocator-block-size=16777216"
    "memorysetup-gfx-main-allocator-block-size=16777216"
    "memorysetup-gfx-thread-allocator-block-size=16777216"
    "memorysetup-cache-allocator-block-size=4194304"
    "memorysetup-typetree-allocator-block-size=2097152"
    "memorysetup-profiler-bucket-allocator-granularity=16"
    "memorysetup-profiler-bucket-allocator-bucket-count=8"
    "memorysetup-profiler-bucket-allocator-block-size=33554432"
    "memorysetup-profiler-bucket-allocator-block-count=8"
    "memorysetup-profiler-allocator-block-size=16777216"
    "memorysetup-profiler-editor-allocator-block-size=1048576"
    "memorysetup-temp-allocator-size-main=16777216"
    "memorysetup-job-temp-allocator-block-size=2097152"
    "memorysetup-job-temp-allocator-block-size-background=1048576"
    "memorysetup-job-temp-allocator-reduction-small-platforms=262144"
    "memorysetup-allocator-temp-initial-block-size-main=262144"
    "memorysetup-allocator-temp-initial-block-size-worker=262144"
    "memorysetup-temp-allocator-size-background-worker=32768"
    "memorysetup-temp-allocator-size-job-worker=262144"
    "memorysetup-temp-allocator-size-preload-manager=33554432"
    "memorysetup-temp-allocator-size-nav-mesh-worker=65536"
    "memorysetup-temp-allocator-size-audio-worker=65536"
    "memorysetup-temp-allocator-size-cloud-worker=32768"
    "memorysetup-temp-allocator-size-gi-baking-worker=262144"
    "memorysetup-temp-allocator-size-gfx=262144"
Player connection [7544] Host "[IP] 192.168.1.159 [Port] 0 [Flags] 2 [Guid] 3153744271 [EditorId] 3153744271 [Version] 1048832 [Id] WindowsEditor(7,azaliya-laptop) [Debug] 1 [PackageName] WindowsEditor [ProjectName] Editor" joined multi-casting on [225.0.0.222:54997]...

Player connection [7544] Host "[IP] 192.168.1.159 [Port] 0 [Flags] 2 [Guid] 3153744271 [EditorId] 3153744271 [Version] 1048832 [Id] WindowsEditor(7,azaliya-laptop) [Debug] 1 [PackageName] WindowsEditor [ProjectName] Editor" joined alternative multi-casting on [225.0.0.222:34997]...

[Physics::Module] Initialized MultithreadedJobDispatcher with 7 workers.
Refreshing native plugins compatible for Editor in 14.64 ms, found 3 plugins.
Preloading 0 native plugins for Editor in 0.00 ms.
Initialize engine version: 2022.3.18f1 (d29bea25151d)
[Subsystems] Discovering subsystems at path C:/Program Files/Unity/Hub/Editor/2022.3.18f1/Editor/Data/Resources/UnitySubsystems
[Subsystems] Discovering subsystems at path C:/Users/Азалия/Documents/git repos/CityGenerator/CityGenerator/Assets
GfxDevice: creating device client; threaded=0; jobified=0
Direct3D:
    Version:  Direct3D 11.0 [level 11.1]
    Renderer: AMD Radeon(TM) Vega 8 Graphics (ID=0x15d8)
    Vendor:   ATI
    VRAM:     3551 MB
    Driver:   26.20.11030.24002
Initialize mono
Mono path[0] = 'C:/Program Files/Unity/Hub/Editor/2022.3.18f1/Editor/Data/Managed'
Mono path[1] = 'C:/Program Files/Unity/Hub/Editor/2022.3.18f1/Editor/Data/MonoBleedingEdge/lib/mono/unityjit-win32'
Mono config path = 'C:/Program Files/Unity/Hub/Editor/2022.3.18f1/Editor/Data/MonoBleedingEdge/etc'
Using monoOptions --debugger-agent=transport=dt_socket,embedding=1,server=y,suspend=n,address=127.0.0.1:56812
Begin MonoManager ReloadAssembly
Registering precompiled unity dll's ...
Register platform support module: C:/Program Files/Unity/Hub/Editor/2022.3.18f1/Editor/Data/PlaybackEngines/WebGLSupport/UnityEditor.WebGL.Extensions.dll
Register platform support module: C:/Program Files/Unity/Hub/Editor/2022.3.18f1/Editor/Data/PlaybackEngines/WindowsStandaloneSupport/UnityEditor.WindowsStandalone.Extensions.dll
Registered in 0.015462 seconds.
- Loaded All Assemblies, in  0.749 seconds
Native extension for WindowsStandalone target not found
Native extension for WebGL target not found
Mono: successfully reloaded assembly
- Finished resetting the current domain, in  0.504 seconds
Domain Reload Profiling: 1250ms
	BeginReloadAssembly (245ms)
		ExecutionOrderSort (0ms)
		DisableScriptedObjects (0ms)
		BackupInstance (0ms)
		ReleaseScriptingObjects (0ms)
		CreateAndSetChildDomain (1ms)
	RebuildCommonClasses (87ms)
	RebuildNativeTypeToScriptingClass (21ms)
	initialDomainReloadingComplete (134ms)
	LoadAllAssembliesAndSetupDomain (259ms)
		LoadAssemblies (243ms)
		RebuildTransferFunctionScriptingTraits (0ms)
		AnalyzeDomain (255ms)
			TypeCache.Refresh (252ms)
				TypeCache.ScanAssembly (230ms)
			ScanForSourceGeneratedMonoScriptInfo (1ms)
			ResolveRequiredComponents (1ms)
	FinalizeReload (505ms)
		ReleaseScriptCaches (0ms)
		RebuildScriptCaches (0ms)
		SetupLoadedEditorAssemblies (393ms)
			LogAssemblyErrors (0ms)
			InitializePlatformSupportModulesInManaged (17ms)
			SetLoadedEditorAssemblies (10ms)
			RefreshPlugins (0ms)
			BeforeProcessingInitializeOnLoad (5ms)
			ProcessInitializeOnLoadAttributes (275ms)
			ProcessInitializeOnLoadMethodAttributes (85ms)
			AfterProcessingInitializeOnLoad (0ms)
			EditorAssembliesLoaded (0ms)
		ExecutionOrderSort2 (0ms)
		AwakeInstancesAfterBackupRestoration (0ms)
========================================================================
Worker process is ready to serve import requests
Begin MonoManager ReloadAssembly
- Loaded All Assemblies, in  1.047 seconds
Refreshing native plugins compatible for Editor in 4.51 ms, found 3 plugins.
Native extension for WindowsStandalone target not found
Native extension for WebGL target not found
Package Manager log level set to [2]
[Package Manager] Server::EnsureServerProcessIsRunning -- launch failed, reason: Unity was launched with the -noUpm command-line argument
[Package Manager] UpmClient::Send -- Unable to send message (not connected to UPM process).
[Package Manager] Cannot connect to Unity Package Manager local server
Mono: successfully reloaded assembly
- Finished resetting the current domain, in  0.975 seconds
Domain Reload Profiling: 2021ms
	BeginReloadAssembly (263ms)
		ExecutionOrderSort (0ms)
		DisableScriptedObjects (10ms)
		BackupInstance (0ms)
		ReleaseScriptingObjects (0ms)
		CreateAndSetChildDomain (36ms)
	RebuildCommonClasses (72ms)
	RebuildNativeTypeToScriptingClass (16ms)
	initialDomainReloadingComplete (78ms)
	LoadAllAssembliesAndSetupDomain (616ms)
		LoadAssemblies (471ms)
		RebuildTransferFunctionScriptingTraits (0ms)
		AnalyzeDomain (289ms)
			TypeCache.Refresh (258ms)
				TypeCache.ScanAssembly (237ms)
			ScanForSourceGeneratedMonoScriptInfo (24ms)
			ResolveRequiredComponents (6ms)
	FinalizeReload (976ms)
		ReleaseScriptCaches (0ms)
		RebuildScriptCaches (0ms)
		SetupLoadedEditorAssemblies (719ms)
			LogAssemblyErrors (0ms)
			InitializePlatformSupportModulesInManaged (15ms)
			SetLoadedEditorAssemblies (8ms)
			RefreshPlugins (0ms)
			BeforeProcessingInitializeOnLoad (87ms)
			ProcessInitializeOnLoadAttributes (567ms)
			ProcessInitializeOnLoadMethodAttributes (33ms)
			AfterProcessingInitializeOnLoad (9ms)
			EditorAssembliesLoaded (0ms)
		ExecutionOrderSort2 (0ms)
		AwakeInstancesAfterBackupRestoration (11ms)
Launched and connected shader compiler UnityShaderCompiler.exe after 0.08 seconds
Refreshing native plugins compatible for Editor in 9.11 ms, found 3 plugins.
Preloading 0 native plugins for Editor in 0.00 ms.
Unloading 3083 Unused Serialized files (Serialized files now loaded: 0)
Unloading 32 unused Assets / (57.5 KB). Loaded Objects now: 3544.
Memory consumption went from 122.2 MB to 122.2 MB.
Total: 7.526600 ms (FindLiveObjects: 0.692500 ms CreateObjectMapping: 0.666600 ms MarkObjects: 5.946900 ms  DeleteObjects: 0.218100 ms)

AssetImportParameters requested are different than current active one (requested -> active):
  custom:container-demuxer-ogg: 62fdf1f143b41e24485cea50d1cbac27 -> 
  custom:video-decoder-ogg-theora: a1e56fd34408186e4bbccfd4996cb3dc -> 
  custom:framework-win-MediaFoundation: 216162199b28c13a410421893ffa2e32 -> 
  custom:CustomObjectIndexerAttribute: 6d391050e5a25f67b0a2c618074f2cd9 -> 
  custom:container-demuxer-webm: 4f35f7cbe854078d1ac9338744f61a02 -> 
  custom:container-muxer-webm: aa71ff27fc2769a1b78a27578f13a17b -> 
  custom:video-decoder-webm-vp8: 9c59270c3fd7afecdb556c50c9e8de78 -> 
  custom:SearchIndexIgnoredProperties: e643bd26f0fe6173181afceb89e7c659 -> 
  custom:AudioImporter_EditorPlatform: d09bf68614088b80899f8185d706f6e7 -> 
  custom:video-encoder-webm-vp8: eb34c28f22e8b96e1ab97ce403110664 -> 
  custom:audio-decoder-ogg-vorbis: bf7c407c2cedff20999df2af8eb42d56 -> 
  custom:audio-encoder-webm-vorbis: bf7c407c2cedff20999df2af8eb42d56 -> 
========================================================================
Received Import Request.
  Time since last request: 429065.006145 seconds.
  path: Assets/Scripts
  artifactKey: Guid(3dbf831938803c447838199dc7f2e96b) Importer(815301076,1909f56bfc062723c751e8b465ee728b)
Start importing Assets/Scripts using Guid(3dbf831938803c447838199dc7f2e96b) Importer(815301076,1909f56bfc062723c751e8b465ee728b)  -> (artifact id: 'bc4b80cd721cc0d430033779f1de2eaf') in 0.004864 seconds
Number of updated asset objects reloaded before import = 0
Number of asset objects unloaded after import = 0
========================================================================
Received Import Request.
  Time since last request: 2.720562 seconds.
  path: Assets/Scripts/CityGenerator.cs
  artifactKey: Guid(91741c581d1d164418e79d571485a6af) Importer(815301076,1909f56bfc062723c751e8b465ee728b)
Start importing Assets/Scripts/CityGenerator.cs using Guid(91741c581d1d164418e79d571485a6af) Importer(815301076,1909f56bfc062723c751e8b465ee728b)  -> (artifact id: 'e929916e1645973b4145662352fd4e94') in 0.001122 seconds
Number of updated asset objects reloaded before import = 0
Number of asset objects unloaded after import = 0
========================================================================
Received Prepare
Begin MonoManager ReloadAssembly
- Loaded All Assemblies, in  0.864 seconds
Refreshing native plugins compatible for Editor in 5.87 ms, found 3 plugins.
Native extension for WindowsStandalone target not found
Native extension for WebGL target not found
[Package Manager] Server::EnsureServerProcessIsRunning -- launch failed, reason: Unity was launched with the -noUpm command-line argument
[Package Manager] UpmClient::Send -- Unable to send message (not connected to UPM process).
[Package Manager] Cannot connect to Unity Package Manager local server
Mono: successfully reloaded assembly
- Finished resetting the current domain, in  2.102 seconds
Domain Reload Profiling: 2963ms
	BeginReloadAssembly (325ms)
		ExecutionOrderSort (0ms)
		DisableScriptedObjects (13ms)
		BackupInstance (0ms)
		ReleaseScriptingObjects (0ms)
		CreateAndSetChildDomain (63ms)
	RebuildCommonClasses (72ms)
	RebuildNativeTypeToScriptingClass (23ms)
	initialDomainReloadingComplete (57ms)
	LoadAllAssembliesAndSetupDomain (381ms)
		LoadAssemblies (543ms)
		RebuildTransferFunctionScriptingTraits (0ms)
		AnalyzeDomain (35ms)
			TypeCache.Refresh (10ms)
				TypeCache.ScanAssembly (0ms)
			ScanForSourceGeneratedMonoScriptInfo (14ms)
			ResolveRequiredComponents (9ms)
	FinalizeReload (2103ms)
		ReleaseScriptCaches (0ms)
		RebuildScriptCaches (0ms)
		SetupLoadedEditorAssemblies (912ms)
			LogAssemblyErrors (0ms)
			InitializePlatformSupportModulesInManaged (18ms)
			SetLoadedEditorAssemblies (10ms)
			RefreshPlugins (0ms)
			BeforeProcessingInitializeOnLoad (131ms)
			ProcessInitializeOnLoadAttributes (697ms)
			ProcessInitializeOnLoadMethodAttributes (42ms)
			AfterProcessingInitializeOnLoad (14ms)
			EditorAssembliesLoaded (0ms)
		ExecutionOrderSort2 (0ms)
		AwakeInstancesAfterBackupRestoration (16ms)
Refreshing native plugins compatible for Editor in 7.67 ms, found 3 plugins.
Preloading 0 native plugins for Editor in 0.00 ms.
Unloading 3076 Unused Serialized files (Serialized files now loaded: 0)
Unloading 23 unused Assets / (31.1 KB). Loaded Objects now: 3548.
Memory consumption went from 123.0 MB to 123.0 MB.
Total: 6.343900 ms (FindLiveObjects: 0.654700 ms CreateObjectMapping: 0.580300 ms MarkObjects: 5.009600 ms  DeleteObjects: 0.097100 ms)

Prepare: number of updated asset objects reloaded= 0
AssetImportParameters requested are different than current active one (requested -> active):
  custom:container-demuxer-ogg: 62fdf1f143b41e24485cea50d1cbac27 -> 
  custom:video-decoder-ogg-theora: a1e56fd34408186e4bbccfd4996cb3dc -> 
  custom:framework-win-MediaFoundation: 216162199b28c13a410421893ffa2e32 -> 
  custom:CustomObjectIndexerAttribute: 6d391050e5a25f67b0a2c618074f2cd9 -> 
  custom:container-demuxer-webm: 4f35f7cbe854078d1ac9338744f61a02 -> 
  custom:container-muxer-webm: aa71ff27fc2769a1b78a27578f13a17b -> 
  custom:video-decoder-webm-vp8: 9c59270c3fd7afecdb556c50c9e8de78 -> 
  custom:SearchIndexIgnoredProperties: e643bd26f0fe6173181afceb89e7c659 -> 
  custom:AudioImporter_EditorPlatform: d09bf68614088b80899f8185d706f6e7 -> 
  custom:video-encoder-webm-vp8: eb34c28f22e8b96e1ab97ce403110664 -> 
  custom:audio-decoder-ogg-vorbis: bf7c407c2cedff20999df2af8eb42d56 -> 
  custom:audio-encoder-webm-vorbis: bf7c407c2cedff20999df2af8eb42d56 -> 
========================================================================
Received Import Request.
  Time since last request: 171.091723 seconds.
  path: Assets/Scripts/CityGenerator.cs
  artifactKey: Guid(91741c581d1d164418e79d571485a6af) Importer(815301076,1909f56bfc062723c751e8b465ee728b)
Start importing Assets/Scripts/CityGenerator.cs using Guid(91741c581d1d164418e79d571485a6af) Importer(815301076,1909f56bfc062723c751e8b465ee728b)  -> (artifact id: '7185f5c864584509d737cf8c3e1c1295') in 0.006331 seconds
Number of updated asset objects reloaded before import = 0
Number of asset objects unloaded after import = 0
========================================================================
Received Import Request.
  Time since last request: 392.836150 seconds.
  path: Assets/Scripts/CityGenerator.cs
  artifactKey: Guid(91741c581d1d164418e79d571485a6af) Importer(815301076,1909f56bfc062723c751e8b465ee728b)
Start importing Assets/Scripts/CityGenerator.cs using Guid(91741c581d1d164418e79d571485a6af) Importer(815301076,1909f56bfc062723c751e8b465ee728b)  -> (artifact id: '843a36c8ec526664e2fa022c842bf789') in 0.002236 seconds
Number of updated asset objects reloaded before import = 0
Number of asset objects unloaded after import = 0
========================================================================
Received Import Request.
  Time since last request: 694.403300 seconds.
  path: Assets/Scripts/CityGenerator.cs
  artifactKey: Guid(91741c581d1d164418e79d571485a6af) Importer(815301076,1909f56bfc062723c751e8b465ee728b)
Start importing Assets/Scripts/CityGenerator.cs using Guid(91741c581d1d164418e79d571485a6af) Importer(815301076,1909f56bfc062723c751e8b465ee728b)  -> (artifact id: '84bccea0b47789e3d5d5645c1f8cda63') in 0.001362 seconds
Number of updated asset objects reloaded before import = 0
Number of asset objects unloaded after import = 0
========================================================================
Received Import Request.
  Time since last request: 621.345604 seconds.
  path: Assets/Scripts/VectorService.cs
  artifactKey: Guid(f1e11427c628c224e8386da85486d097) Importer(815301076,1909f56bfc062723c751e8b465ee728b)
Start importing Assets/Scripts/VectorService.cs using Guid(f1e11427c628c224e8386da85486d097) Importer(815301076,1909f56bfc062723c751e8b465ee728b)  -> (artifact id: '00000000000000000000000000000000') in 0.006273 seconds
Import Error Code:(4)
Message: Build asset version error: assets/scripts/vectorservice.cs in SourceAssetDB has modification time of '2024-01-27T19:23:43.9578814Z' while content on disk has modification time of '2024-01-27T19:30:15.2499046Z'
  ERROR: Build asset version error: assets/scripts/vectorservice.cs in SourceAssetDB has modification time of '2024-01-27T19:23:43.9578814Z' while content on disk has modification time of '2024-01-27T19:30:15.2499046Z'
Number of updated asset objects reloaded before import = 0
Number of asset objects unloaded after import = 0
========================================================================
Received Import Request.
  Time since last request: 0.006937 seconds.
  path: Assets/Scripts/VectorService.cs
  artifactKey: Guid(f1e11427c628c224e8386da85486d097) Importer(815301076,1909f56bfc062723c751e8b465ee728b)
Start importing Assets/Scripts/VectorService.cs using Guid(f1e11427c628c224e8386da85486d097) Importer(815301076,1909f56bfc062723c751e8b465ee728b)  -> (artifact id: '00000000000000000000000000000000') in 0.013745 seconds
Import Error Code:(4)
Message: Build asset version error: assets/scripts/vectorservice.cs in SourceAssetDB has modification time of '2024-01-27T19:23:43.9578814Z' while content on disk has modification time of '2024-01-27T19:30:15.2499046Z'
  ERROR: Build asset version error: assets/scripts/vectorservice.cs in SourceAssetDB has modification time of '2024-01-27T19:23:43.9578814Z' while content on disk has modification time of '2024-01-27T19:30:15.2499046Z'
Number of updated asset objects reloaded before import = 0
Number of asset objects unloaded after import = 0
========================================================================
Received Import Request.
  Time since last request: 0.022237 seconds.
  path: Assets/Scripts/VectorService.cs
  artifactKey: Guid(f1e11427c628c224e8386da85486d097) Importer(815301076,1909f56bfc062723c751e8b465ee728b)
Start importing Assets/Scripts/VectorService.cs using Guid(f1e11427c628c224e8386da85486d097) Importer(815301076,1909f56bfc062723c751e8b465ee728b)  -> (artifact id: '00000000000000000000000000000000') in 0.002972 seconds
Import Error Code:(4)
Message: Build asset version error: assets/scripts/vectorservice.cs in SourceAssetDB has modification time of '2024-01-27T19:23:43.9578814Z' while content on disk has modification time of '2024-01-27T19:30:15.2499046Z'
  ERROR: Build asset version error: assets/scripts/vectorservice.cs in SourceAssetDB has modification time of '2024-01-27T19:23:43.9578814Z' while content on disk has modification time of '2024-01-27T19:30:15.2499046Z'
Number of updated asset objects reloaded before import = 0
Number of asset objects unloaded after import = 0
========================================================================
Received Import Request.
  Time since last request: 0.019954 seconds.
  path: Assets/Scripts/VectorService.cs
  artifactKey: Guid(f1e11427c628c224e8386da85486d097) Importer(815301076,1909f56bfc062723c751e8b465ee728b)
Start importing Assets/Scripts/VectorService.cs using Guid(f1e11427c628c224e8386da85486d097) Importer(815301076,1909f56bfc062723c751e8b465ee728b)  -> (artifact id: '00000000000000000000000000000000') in 0.002019 seconds
Import Error Code:(4)
Message: Build asset version error: assets/scripts/vectorservice.cs in SourceAssetDB has modification time of '2024-01-27T19:23:43.9578814Z' while content on disk has modification time of '2024-01-27T19:30:15.2499046Z'
  ERROR: Build asset version error: assets/scripts/vectorservice.cs in SourceAssetDB has modification time of '2024-01-27T19:23:43.9578814Z' while content on disk has modification time of '2024-01-27T19:30:15.2499046Z'
Number of updated asset objects reloaded before import = 0
Number of asset objects unloaded after import = 0
========================================================================
Received Import Request.
  Time since last request: 0.019860 seconds.
  path: Assets/Scripts/VectorService.cs
  artifactKey: Guid(f1e11427c628c224e8386da85486d097) Importer(815301076,1909f56bfc062723c751e8b465ee728b)
Start importing Assets/Scripts/VectorService.cs using Guid(f1e11427c628c224e8386da85486d097) Importer(815301076,1909f56bfc062723c751e8b465ee728b)  -> (artifact id: '00000000000000000000000000000000') in 0.002387 seconds
Import Error Code:(4)
Message: Build asset version error: assets/scripts/vectorservice.cs in SourceAssetDB has modification time of '2024-01-27T19:23:43.9578814Z' while content on disk has modification time of '2024-01-27T19:30:15.2499046Z'
  ERROR: Build asset version error: assets/scripts/vectorservice.cs in SourceAssetDB has modification time of '2024-01-27T19:23:43.9578814Z' while content on disk has modification time of '2024-01-27T19:30:15.2499046Z'
Number of updated asset objects reloaded before import = 0
Number of asset objects unloaded after import = 0
========================================================================
Received Import Request.
  Time since last request: 0.035532 seconds.
  path: Assets/Scripts/VectorService.cs
  artifactKey: Guid(f1e11427c628c224e8386da85486d097) Importer(815301076,1909f56bfc062723c751e8b465ee728b)
Start importing Assets/Scripts/VectorService.cs using Guid(f1e11427c628c224e8386da85486d097) Importer(815301076,1909f56bfc062723c751e8b465ee728b)  -> (artifact id: '00000000000000000000000000000000') in 0.002883 seconds
Import Error Code:(4)
Message: Build asset version error: assets/scripts/vectorservice.cs in SourceAssetDB has modification time of '2024-01-27T19:23:43.9578814Z' while content on disk has modification time of '2024-01-27T19:30:15.2499046Z'
  ERROR: Build asset version error: assets/scripts/vectorservice.cs in SourceAssetDB has modification time of '2024-01-27T19:23:43.9578814Z' while content on disk has modification time of '2024-01-27T19:30:15.2499046Z'
Number of updated asset objects reloaded before import = 0
Number of asset objects unloaded after import = 0
========================================================================
Received Import Request.
  Time since last request: 0.002045 seconds.
  path: Assets/Scripts/VectorService.cs
  artifactKey: Guid(f1e11427c628c224e8386da85486d097) Importer(815301076,1909f56bfc062723c751e8b465ee728b)
Start importing Assets/Scripts/VectorService.cs using Guid(f1e11427c628c224e8386da85486d097) Importer(815301076,1909f56bfc062723c751e8b465ee728b)  -> (artifact id: '00000000000000000000000000000000') in 0.002896 seconds
Import Error Code:(4)
Message: Build asset version error: assets/scripts/vectorservice.cs in SourceAssetDB has modification time of '2024-01-27T19:23:43.9578814Z' while content on disk has modification time of '2024-01-27T19:30:15.2499046Z'
  ERROR: Build asset version error: assets/scripts/vectorservice.cs in SourceAssetDB has modification time of '2024-01-27T19:23:43.9578814Z' while content on disk has modification time of '2024-01-27T19:30:15.2499046Z'
Number of updated asset objects reloaded before import = 0
Number of asset objects unloaded after import = 0
========================================================================
Received Import Request.
  Time since last request: 0.017368 seconds.
  path: Assets/Scripts/VectorService.cs
  artifactKey: Guid(f1e11427c628c224e8386da85486d097) Importer(815301076,1909f56bfc062723c751e8b465ee728b)
Start importing Assets/Scripts/VectorService.cs using Guid(f1e11427c628c224e8386da85486d097) Importer(815301076,1909f56bfc062723c751e8b465ee728b)  -> (artifact id: '00000000000000000000000000000000') in 0.002355 seconds
Import Error Code:(4)
Message: Build asset version error: assets/scripts/vectorservice.cs in SourceAssetDB has modification time of '2024-01-27T19:23:43.9578814Z' while content on disk has modification time of '2024-01-27T19:30:15.2499046Z'
  ERROR: Build asset version error: assets/scripts/vectorservice.cs in SourceAssetDB has modification time of '2024-01-27T19:23:43.9578814Z' while content on disk has modification time of '2024-01-27T19:30:15.2499046Z'
Number of updated asset objects reloaded before import = 0
Number of asset objects unloaded after import = 0
========================================================================
Received Import Request.
  Time since last request: 0.036081 seconds.
  path: Assets/Scripts/VectorService.cs
  artifactKey: Guid(f1e11427c628c224e8386da85486d097) Importer(815301076,1909f56bfc062723c751e8b465ee728b)
Start importing Assets/Scripts/VectorService.cs using Guid(f1e11427c628c224e8386da85486d097) Importer(815301076,1909f56bfc062723c751e8b465ee728b)  -> (artifact id: '00000000000000000000000000000000') in 0.001782 seconds
Import Error Code:(4)
Message: Build asset version error: assets/scripts/vectorservice.cs in SourceAssetDB has modification time of '2024-01-27T19:23:43.9578814Z' while content on disk has modification time of '2024-01-27T19:30:15.2499046Z'
  ERROR: Build asset version error: assets/scripts/vectorservice.cs in SourceAssetDB has modification time of '2024-01-27T19:23:43.9578814Z' while content on disk has modification time of '2024-01-27T19:30:15.2499046Z'
Number of updated asset objects reloaded before import = 0
Number of asset objects unloaded after import = 0
========================================================================
Received Import Request.
  Time since last request: 0.017150 seconds.
  path: Assets/Scripts/VectorService.cs
  artifactKey: Guid(f1e11427c628c224e8386da85486d097) Importer(815301076,1909f56bfc062723c751e8b465ee728b)
Start importing Assets/Scripts/VectorService.cs using Guid(f1e11427c628c224e8386da85486d097) Importer(815301076,1909f56bfc062723c751e8b465ee728b)  -> (artifact id: '00000000000000000000000000000000') in 0.001190 seconds
Import Error Code:(4)
Message: Build asset version error: assets/scripts/vectorservice.cs in SourceAssetDB has modification time of '2024-01-27T19:23:43.9578814Z' while content on disk has modification time of '2024-01-27T19:30:15.2499046Z'
  ERROR: Build asset version error: assets/scripts/vectorservice.cs in SourceAssetDB has modification time of '2024-01-27T19:23:43.9578814Z' while content on disk has modification time of '2024-01-27T19:30:15.2499046Z'
Number of updated asset objects reloaded before import = 0
Number of asset objects unloaded after import = 0
========================================================================
Received Import Request.
  Time since last request: 0.020027 seconds.
  path: Assets/Scripts/VectorService.cs
  artifactKey: Guid(f1e11427c628c224e8386da85486d097) Importer(815301076,1909f56bfc062723c751e8b465ee728b)
Start importing Assets/Scripts/VectorService.cs using Guid(f1e11427c628c224e8386da85486d097) Importer(815301076,1909f56bfc062723c751e8b465ee728b)  -> (artifact id: '00000000000000000000000000000000') in 0.001105 seconds
Import Error Code:(4)
Message: Build asset version error: assets/scripts/vectorservice.cs in SourceAssetDB has modification time of '2024-01-27T19:23:43.9578814Z' while content on disk has modification time of '2024-01-27T19:30:15.2499046Z'
  ERROR: Build asset version error: assets/scripts/vectorservice.cs in SourceAssetDB has modification time of '2024-01-27T19:23:43.9578814Z' while content on disk has modification time of '2024-01-27T19:30:15.2499046Z'
Number of updated asset objects reloaded before import = 0
Number of asset objects unloaded after import = 0
========================================================================
Received Import Request.
  Time since last request: 0.017674 seconds.
  path: Assets/Scripts/VectorService.cs
  artifactKey: Guid(f1e11427c628c224e8386da85486d097) Importer(815301076,1909f56bfc062723c751e8b465ee728b)
Start importing Assets/Scripts/VectorService.cs using Guid(f1e11427c628c224e8386da85486d097) Importer(815301076,1909f56bfc062723c751e8b465ee728b)  -> (artifact id: '00000000000000000000000000000000') in 0.002475 seconds
Import Error Code:(4)
Message: Build asset version error: assets/scripts/vectorservice.cs in SourceAssetDB has modification time of '2024-01-27T19:23:43.9578814Z' while content on disk has modification time of '2024-01-27T19:30:15.2499046Z'
  ERROR: Build asset version error: assets/scripts/vectorservice.cs in SourceAssetDB has modification time of '2024-01-27T19:23:43.9578814Z' while content on disk has modification time of '2024-01-27T19:30:15.2499046Z'
Number of updated asset objects reloaded before import = 0
Number of asset objects unloaded after import = 0
========================================================================
Received Import Request.
  Time since last request: 0.016878 seconds.
  path: Assets/Scripts/VectorService.cs
  artifactKey: Guid(f1e11427c628c224e8386da85486d097) Importer(815301076,1909f56bfc062723c751e8b465ee728b)
Start importing Assets/Scripts/VectorService.cs using Guid(f1e11427c628c224e8386da85486d097) Importer(815301076,1909f56bfc062723c751e8b465ee728b)  -> (artifact id: '00000000000000000000000000000000') in 0.001016 seconds
Import Error Code:(4)
Message: Build asset version error: assets/scripts/vectorservice.cs in SourceAssetDB has modification time of '2024-01-27T19:23:43.9578814Z' while content on disk has modification time of '2024-01-27T19:30:15.2499046Z'
  ERROR: Build asset version error: assets/scripts/vectorservice.cs in SourceAssetDB has modification time of '2024-01-27T19:23:43.9578814Z' while content on disk has modification time of '2024-01-27T19:30:15.2499046Z'
Number of updated asset objects reloaded before import = 0
Number of asset objects unloaded after import = 0
========================================================================
Received Import Request.
  Time since last request: 0.017734 seconds.
  path: Assets/Scripts/VectorService.cs
  artifactKey: Guid(f1e11427c628c224e8386da85486d097) Importer(815301076,1909f56bfc062723c751e8b465ee728b)
Start importing Assets/Scripts/VectorService.cs using Guid(f1e11427c628c224e8386da85486d097) Importer(815301076,1909f56bfc062723c751e8b465ee728b)  -> (artifact id: '00000000000000000000000000000000') in 0.001596 seconds
Import Error Code:(4)
Message: Build asset version error: assets/scripts/vectorservice.cs in SourceAssetDB has modification time of '2024-01-27T19:23:43.9578814Z' while content on disk has modification time of '2024-01-27T19:30:15.2499046Z'
  ERROR: Build asset version error: assets/scripts/vectorservice.cs in SourceAssetDB has modification time of '2024-01-27T19:23:43.9578814Z' while content on disk has modification time of '2024-01-27T19:30:15.2499046Z'
Number of updated asset objects reloaded before import = 0
Number of asset objects unloaded after import = 0
========================================================================
Received Import Request.
  Time since last request: 0.014418 seconds.
  path: Assets/Scripts/VectorService.cs
  artifactKey: Guid(f1e11427c628c224e8386da85486d097) Importer(815301076,1909f56bfc062723c751e8b465ee728b)
Start importing Assets/Scripts/VectorService.cs using Guid(f1e11427c628c224e8386da85486d097) Importer(815301076,1909f56bfc062723c751e8b465ee728b)  -> (artifact id: '00000000000000000000000000000000') in 0.000759 seconds
Import Error Code:(4)
Message: Build asset version error: assets/scripts/vectorservice.cs in SourceAssetDB has modification time of '2024-01-27T19:23:43.9578814Z' while content on disk has modification time of '2024-01-27T19:30:15.2499046Z'
  ERROR: Build asset version error: assets/scripts/vectorservice.cs in SourceAssetDB has modification time of '2024-01-27T19:23:43.9578814Z' while content on disk has modification time of '2024-01-27T19:30:15.2499046Z'
Number of updated asset objects reloaded before import = 0
Number of asset objects unloaded after import = 0
========================================================================
Received Import Request.
  Time since last request: 0.016148 seconds.
  path: Assets/Scripts/VectorService.cs
  artifactKey: Guid(f1e11427c628c224e8386da85486d097) Importer(815301076,1909f56bfc062723c751e8b465ee728b)
Start importing Assets/Scripts/VectorService.cs using Guid(f1e11427c628c224e8386da85486d097) Importer(815301076,1909f56bfc062723c751e8b465ee728b)  -> (artifact id: '00000000000000000000000000000000') in 0.000822 seconds
Import Error Code:(4)
Message: Build asset version error: assets/scripts/vectorservice.cs in SourceAssetDB has modification time of '2024-01-27T19:23:43.9578814Z' while content on disk has modification time of '2024-01-27T19:30:15.2499046Z'
  ERROR: Build asset version error: assets/scripts/vectorservice.cs in SourceAssetDB has modification time of '2024-01-27T19:23:43.9578814Z' while content on disk has modification time of '2024-01-27T19:30:15.2499046Z'
Number of updated asset objects reloaded before import = 0
Number of asset objects unloaded after import = 0
========================================================================
Received Import Request.
  Time since last request: 0.017826 seconds.
  path: Assets/Scripts/VectorService.cs
  artifactKey: Guid(f1e11427c628c224e8386da85486d097) Importer(815301076,1909f56bfc062723c751e8b465ee728b)
Start importing Assets/Scripts/VectorService.cs using Guid(f1e11427c628c224e8386da85486d097) Importer(815301076,1909f56bfc062723c751e8b465ee728b)  -> (artifact id: '00000000000000000000000000000000') in 0.001704 seconds
Import Error Code:(4)
Message: Build asset version error: assets/scripts/vectorservice.cs in SourceAssetDB has modification time of '2024-01-27T19:23:43.9578814Z' while content on disk has modification time of '2024-01-27T19:30:15.2499046Z'
  ERROR: Build asset version error: assets/scripts/vectorservice.cs in SourceAssetDB has modification time of '2024-01-27T19:23:43.9578814Z' while content on disk has modification time of '2024-01-27T19:30:15.2499046Z'
Number of updated asset objects reloaded before import = 0
Number of asset objects unloaded after import = 0
========================================================================
Received Import Request.
  Time since last request: 0.017213 seconds.
  path: Assets/Scripts/VectorService.cs
  artifactKey: Guid(f1e11427c628c224e8386da85486d097) Importer(815301076,1909f56bfc062723c751e8b465ee728b)
Start importing Assets/Scripts/VectorService.cs using Guid(f1e11427c628c224e8386da85486d097) Importer(815301076,1909f56bfc062723c751e8b465ee728b)  -> (artifact id: '00000000000000000000000000000000') in 0.001261 seconds
Import Error Code:(4)
Message: Build asset version error: assets/scripts/vectorservice.cs in SourceAssetDB has modification time of '2024-01-27T19:23:43.9578814Z' while content on disk has modification time of '2024-01-27T19:30:15.2499046Z'
  ERROR: Build asset version error: assets/scripts/vectorservice.cs in SourceAssetDB has modification time of '2024-01-27T19:23:43.9578814Z' while content on disk has modification time of '2024-01-27T19:30:15.2499046Z'
Number of updated asset objects reloaded before import = 0
Number of asset objects unloaded after import = 0
========================================================================
Received Import Request.
  Time since last request: 0.016338 seconds.
  path: Assets/Scripts/VectorService.cs
  artifactKey: Guid(f1e11427c628c224e8386da85486d097) Importer(815301076,1909f56bfc062723c751e8b465ee728b)
Start importing Assets/Scripts/VectorService.cs using Guid(f1e11427c628c224e8386da85486d097) Importer(815301076,1909f56bfc062723c751e8b465ee728b)  -> (artifact id: '00000000000000000000000000000000') in 0.000690 seconds
Import Error Code:(4)
Message: Build asset version error: assets/scripts/vectorservice.cs in SourceAssetDB has modification time of '2024-01-27T19:23:43.9578814Z' while content on disk has modification time of '2024-01-27T19:30:15.2499046Z'
  ERROR: Build asset version error: assets/scripts/vectorservice.cs in SourceAssetDB has modification time of '2024-01-27T19:23:43.9578814Z' while content on disk has modification time of '2024-01-27T19:30:15.2499046Z'
Number of updated asset objects reloaded before import = 0
Number of asset objects unloaded after import = 0
========================================================================
Received Import Request.
  Time since last request: 0.015985 seconds.
  path: Assets/Scripts/VectorService.cs
  artifactKey: Guid(f1e11427c628c224e8386da85486d097) Importer(815301076,1909f56bfc062723c751e8b465ee728b)
Start importing Assets/Scripts/VectorService.cs using Guid(f1e11427c628c224e8386da85486d097) Importer(815301076,1909f56bfc062723c751e8b465ee728b)  -> (artifact id: '00000000000000000000000000000000') in 0.000792 seconds
Import Error Code:(4)
Message: Build asset version error: assets/scripts/vectorservice.cs in SourceAssetDB has modification time of '2024-01-27T19:23:43.9578814Z' while content on disk has modification time of '2024-01-27T19:30:15.2499046Z'
  ERROR: Build asset version error: assets/scripts/vectorservice.cs in SourceAssetDB has modification time of '2024-01-27T19:23:43.9578814Z' while content on disk has modification time of '2024-01-27T19:30:15.2499046Z'
Number of updated asset objects reloaded before import = 0
Number of asset objects unloaded after import = 0
========================================================================
Received Import Request.
  Time since last request: 0.015760 seconds.
  path: Assets/Scripts/VectorService.cs
  artifactKey: Guid(f1e11427c628c224e8386da85486d097) Importer(815301076,1909f56bfc062723c751e8b465ee728b)
Start importing Assets/Scripts/VectorService.cs using Guid(f1e11427c628c224e8386da85486d097) Importer(815301076,1909f56bfc062723c751e8b465ee728b)  -> (artifact id: '00000000000000000000000000000000') in 0.000695 seconds
Import Error Code:(4)
Message: Build asset version error: assets/scripts/vectorservice.cs in SourceAssetDB has modification time of '2024-01-27T19:23:43.9578814Z' while content on disk has modification time of '2024-01-27T19:30:15.2499046Z'
  ERROR: Build asset version error: assets/scripts/vectorservice.cs in SourceAssetDB has modification time of '2024-01-27T19:23:43.9578814Z' while content on disk has modification time of '2024-01-27T19:30:15.2499046Z'
Number of updated asset objects reloaded before import = 0
Number of asset objects unloaded after import = 0
========================================================================
Received Import Request.
  Time since last request: 0.015647 seconds.
  path: Assets/Scripts/VectorService.cs
  artifactKey: Guid(f1e11427c628c224e8386da85486d097) Importer(815301076,1909f56bfc062723c751e8b465ee728b)
Start importing Assets/Scripts/VectorService.cs using Guid(f1e11427c628c224e8386da85486d097) Importer(815301076,1909f56bfc062723c751e8b465ee728b)  -> (artifact id: '00000000000000000000000000000000') in 0.000702 seconds
Import Error Code:(4)
Message: Build asset version error: assets/scripts/vectorservice.cs in SourceAssetDB has modification time of '2024-01-27T19:23:43.9578814Z' while content on disk has modification time of '2024-01-27T19:30:15.2499046Z'
  ERROR: Build asset version error: assets/scripts/vectorservice.cs in SourceAssetDB has modification time of '2024-01-27T19:23:43.9578814Z' while content on disk has modification time of '2024-01-27T19:30:15.2499046Z'
Number of updated asset objects reloaded before import = 0
Number of asset objects unloaded after import = 0
========================================================================
Received Import Request.
  Time since last request: 0.016399 seconds.
  path: Assets/Scripts/VectorService.cs
  artifactKey: Guid(f1e11427c628c224e8386da85486d097) Importer(815301076,1909f56bfc062723c751e8b465ee728b)
Start importing Assets/Scripts/VectorService.cs using Guid(f1e11427c628c224e8386da85486d097) Importer(815301076,1909f56bfc062723c751e8b465ee728b)  -> (artifact id: '00000000000000000000000000000000') in 0.000895 seconds
Import Error Code:(4)
Message: Build asset version error: assets/scripts/vectorservice.cs in SourceAssetDB has modification time of '2024-01-27T19:23:43.9578814Z' while content on disk has modification time of '2024-01-27T19:30:15.2499046Z'
  ERROR: Build asset version error: assets/scripts/vectorservice.cs in SourceAssetDB has modification time of '2024-01-27T19:23:43.9578814Z' while content on disk has modification time of '2024-01-27T19:30:15.2499046Z'
Number of updated asset objects reloaded before import = 0
Number of asset objects unloaded after import = 0
========================================================================
Received Import Request.
  Time since last request: 0.016391 seconds.
  path: Assets/Scripts/VectorService.cs
  artifactKey: Guid(f1e11427c628c224e8386da85486d097) Importer(815301076,1909f56bfc062723c751e8b465ee728b)
Start importing Assets/Scripts/VectorService.cs using Guid(f1e11427c628c224e8386da85486d097) Importer(815301076,1909f56bfc062723c751e8b465ee728b)  -> (artifact id: '00000000000000000000000000000000') in 0.000851 seconds
Import Error Code:(4)
Message: Build asset version error: assets/scripts/vectorservice.cs in SourceAssetDB has modification time of '2024-01-27T19:23:43.9578814Z' while content on disk has modification time of '2024-01-27T19:30:15.2499046Z'
  ERROR: Build asset version error: assets/scripts/vectorservice.cs in SourceAssetDB has modification time of '2024-01-27T19:23:43.9578814Z' while content on disk has modification time of '2024-01-27T19:30:15.2499046Z'
Number of updated asset objects reloaded before import = 0
Number of asset objects unloaded after import = 0
========================================================================
Received Import Request.
  Time since last request: 0.016485 seconds.
  path: Assets/Scripts/VectorService.cs
  artifactKey: Guid(f1e11427c628c224e8386da85486d097) Importer(815301076,1909f56bfc062723c751e8b465ee728b)
Start importing Assets/Scripts/VectorService.cs using Guid(f1e11427c628c224e8386da85486d097) Importer(815301076,1909f56bfc062723c751e8b465ee728b)  -> (artifact id: '00000000000000000000000000000000') in 0.000800 seconds
Import Error Code:(4)
Message: Build asset version error: assets/scripts/vectorservice.cs in SourceAssetDB has modification time of '2024-01-27T19:23:43.9578814Z' while content on disk has modification time of '2024-01-27T19:30:15.2499046Z'
  ERROR: Build asset version error: assets/scripts/vectorservice.cs in SourceAssetDB has modification time of '2024-01-27T19:23:43.9578814Z' while content on disk has modification time of '2024-01-27T19:30:15.2499046Z'
Number of updated asset objects reloaded before import = 0
Number of asset objects unloaded after import = 0
========================================================================
Received Import Request.
  Time since last request: 0.016158 seconds.
  path: Assets/Scripts/VectorService.cs
  artifactKey: Guid(f1e11427c628c224e8386da85486d097) Importer(815301076,1909f56bfc062723c751e8b465ee728b)
Start importing Assets/Scripts/VectorService.cs using Guid(f1e11427c628c224e8386da85486d097) Importer(815301076,1909f56bfc062723c751e8b465ee728b)  -> (artifact id: '00000000000000000000000000000000') in 0.001074 seconds
Import Error Code:(4)
Message: Build asset version error: assets/scripts/vectorservice.cs in SourceAssetDB has modification time of '2024-01-27T19:23:43.9578814Z' while content on disk has modification time of '2024-01-27T19:30:15.2499046Z'
  ERROR: Build asset version error: assets/scripts/vectorservice.cs in SourceAssetDB has modification time of '2024-01-27T19:23:43.9578814Z' while content on disk has modification time of '2024-01-27T19:30:15.2499046Z'
Number of updated asset objects reloaded before import = 0
Number of asset objects unloaded after import = 0
========================================================================
Received Import Request.
  Time since last request: 0.015413 seconds.
  path: Assets/Scripts/VectorService.cs
  artifactKey: Guid(f1e11427c628c224e8386da85486d097) Importer(815301076,1909f56bfc062723c751e8b465ee728b)
Start importing Assets/Scripts/VectorService.cs using Guid(f1e11427c628c224e8386da85486d097) Importer(815301076,1909f56bfc062723c751e8b465ee728b)  -> (artifact id: '00000000000000000000000000000000') in 0.000848 seconds
Import Error Code:(4)
Message: Build asset version error: assets/scripts/vectorservice.cs in SourceAssetDB has modification time of '2024-01-27T19:23:43.9578814Z' while content on disk has modification time of '2024-01-27T19:30:15.2499046Z'
  ERROR: Build asset version error: assets/scripts/vectorservice.cs in SourceAssetDB has modification time of '2024-01-27T19:23:43.9578814Z' while content on disk has modification time of '2024-01-27T19:30:15.2499046Z'
Number of updated asset objects reloaded before import = 0
Number of asset objects unloaded after import = 0
========================================================================
Received Import Request.
  Time since last request: 0.014859 seconds.
  path: Assets/Scripts/VectorService.cs
  artifactKey: Guid(f1e11427c628c224e8386da85486d097) Importer(815301076,1909f56bfc062723c751e8b465ee728b)
Start importing Assets/Scripts/VectorService.cs using Guid(f1e11427c628c224e8386da85486d097) Importer(815301076,1909f56bfc062723c751e8b465ee728b)  -> (artifact id: '00000000000000000000000000000000') in 0.000775 seconds
Import Error Code:(4)
Message: Build asset version error: assets/scripts/vectorservice.cs in SourceAssetDB has modification time of '2024-01-27T19:23:43.9578814Z' while content on disk has modification time of '2024-01-27T19:30:15.2499046Z'
  ERROR: Build asset version error: assets/scripts/vectorservice.cs in SourceAssetDB has modification time of '2024-01-27T19:23:43.9578814Z' while content on disk has modification time of '2024-01-27T19:30:15.2499046Z'
Number of updated asset objects reloaded before import = 0
Number of asset objects unloaded after import = 0
========================================================================
Received Import Request.
  Time since last request: 0.017843 seconds.
  path: Assets/Scripts/VectorService.cs
  artifactKey: Guid(f1e11427c628c224e8386da85486d097) Importer(815301076,1909f56bfc062723c751e8b465ee728b)
Start importing Assets/Scripts/VectorService.cs using Guid(f1e11427c628c224e8386da85486d097) Importer(815301076,1909f56bfc062723c751e8b465ee728b)  -> (artifact id: '00000000000000000000000000000000') in 0.000715 seconds
Import Error Code:(4)
Message: Build asset version error: assets/scripts/vectorservice.cs in SourceAssetDB has modification time of '2024-01-27T19:23:43.9578814Z' while content on disk has modification time of '2024-01-27T19:30:15.2499046Z'
  ERROR: Build asset version error: assets/scripts/vectorservice.cs in SourceAssetDB has modification time of '2024-01-27T19:23:43.9578814Z' while content on disk has modification time of '2024-01-27T19:30:15.2499046Z'
Number of updated asset objects reloaded before import = 0
Number of asset objects unloaded after import = 0
========================================================================
Received Import Request.
  Time since last request: 0.017810 seconds.
  path: Assets/Scripts/VectorService.cs
  artifactKey: Guid(f1e11427c628c224e8386da85486d097) Importer(815301076,1909f56bfc062723c751e8b465ee728b)
Start importing Assets/Scripts/VectorService.cs using Guid(f1e11427c628c224e8386da85486d097) Importer(815301076,1909f56bfc062723c751e8b465ee728b)  -> (artifact id: '00000000000000000000000000000000') in 0.001484 seconds
Import Error Code:(4)
Message: Build asset version error: assets/scripts/vectorservice.cs in SourceAssetDB has modification time of '2024-01-27T19:23:43.9578814Z' while content on disk has modification time of '2024-01-27T19:30:15.2499046Z'
  ERROR: Build asset version error: assets/scripts/vectorservice.cs in SourceAssetDB has modification time of '2024-01-27T19:23:43.9578814Z' while content on disk has modification time of '2024-01-27T19:30:15.2499046Z'
Number of updated asset objects reloaded before import = 0
Number of asset objects unloaded after import = 0
========================================================================
Received Import Request.
  Time since last request: 0.016511 seconds.
  path: Assets/Scripts/VectorService.cs
  artifactKey: Guid(f1e11427c628c224e8386da85486d097) Importer(815301076,1909f56bfc062723c751e8b465ee728b)
Start importing Assets/Scripts/VectorService.cs using Guid(f1e11427c628c224e8386da85486d097) Importer(815301076,1909f56bfc062723c751e8b465ee728b)  -> (artifact id: '00000000000000000000000000000000') in 0.000951 seconds
Import Error Code:(4)
Message: Build asset version error: assets/scripts/vectorservice.cs in SourceAssetDB has modification time of '2024-01-27T19:23:43.9578814Z' while content on disk has modification time of '2024-01-27T19:30:15.2499046Z'
  ERROR: Build asset version error: assets/scripts/vectorservice.cs in SourceAssetDB has modification time of '2024-01-27T19:23:43.9578814Z' while content on disk has modification time of '2024-01-27T19:30:15.2499046Z'
Number of updated asset objects reloaded before import = 0
Number of asset objects unloaded after import = 0
========================================================================
Received Import Request.
  Time since last request: 0.016015 seconds.
  path: Assets/Scripts/VectorService.cs
  artifactKey: Guid(f1e11427c628c224e8386da85486d097) Importer(815301076,1909f56bfc062723c751e8b465ee728b)
Start importing Assets/Scripts/VectorService.cs using Guid(f1e11427c628c224e8386da85486d097) Importer(815301076,1909f56bfc062723c751e8b465ee728b)  -> (artifact id: '00000000000000000000000000000000') in 0.000689 seconds
Import Error Code:(4)
Message: Build asset version error: assets/scripts/vectorservice.cs in SourceAssetDB has modification time of '2024-01-27T19:23:43.9578814Z' while content on disk has modification time of '2024-01-27T19:30:15.2499046Z'
  ERROR: Build asset version error: assets/scripts/vectorservice.cs in SourceAssetDB has modification time of '2024-01-27T19:23:43.9578814Z' while content on disk has modification time of '2024-01-27T19:30:15.2499046Z'
Number of updated asset objects reloaded before import = 0
Number of asset objects unloaded after import = 0
========================================================================
Received Import Request.
  Time since last request: 0.016015 seconds.
  path: Assets/Scripts/VectorService.cs
  artifactKey: Guid(f1e11427c628c224e8386da85486d097) Importer(815301076,1909f56bfc062723c751e8b465ee728b)
Start importing Assets/Scripts/VectorService.cs using Guid(f1e11427c628c224e8386da85486d097) Importer(815301076,1909f56bfc062723c751e8b465ee728b)  -> (artifact id: '00000000000000000000000000000000') in 0.000733 seconds
Import Error Code:(4)
Message: Build asset version error: assets/scripts/vectorservice.cs in SourceAssetDB has modification time of '2024-01-27T19:23:43.9578814Z' while content on disk has modification time of '2024-01-27T19:30:15.2499046Z'
  ERROR: Build asset version error: assets/scripts/vectorservice.cs in SourceAssetDB has modification time of '2024-01-27T19:23:43.9578814Z' while content on disk has modification time of '2024-01-27T19:30:15.2499046Z'
Number of updated asset objects reloaded before import = 0
Number of asset objects unloaded after import = 0
========================================================================
Received Import Request.
  Time since last request: 0.017002 seconds.
  path: Assets/Scripts/VectorService.cs
  artifactKey: Guid(f1e11427c628c224e8386da85486d097) Importer(815301076,1909f56bfc062723c751e8b465ee728b)
Start importing Assets/Scripts/VectorService.cs using Guid(f1e11427c628c224e8386da85486d097) Importer(815301076,1909f56bfc062723c751e8b465ee728b)  -> (artifact id: '00000000000000000000000000000000') in 0.000675 seconds
Import Error Code:(4)
Message: Build asset version error: assets/scripts/vectorservice.cs in SourceAssetDB has modification time of '2024-01-27T19:23:43.9578814Z' while content on disk has modification time of '2024-01-27T19:30:15.2499046Z'
  ERROR: Build asset version error: assets/scripts/vectorservice.cs in SourceAssetDB has modification time of '2024-01-27T19:23:43.9578814Z' while content on disk has modification time of '2024-01-27T19:30:15.2499046Z'
Number of updated asset objects reloaded before import = 0
Number of asset objects unloaded after import = 0
========================================================================
Received Import Request.
  Time since last request: 0.015879 seconds.
  path: Assets/Scripts/VectorService.cs
  artifactKey: Guid(f1e11427c628c224e8386da85486d097) Importer(815301076,1909f56bfc062723c751e8b465ee728b)
Start importing Assets/Scripts/VectorService.cs using Guid(f1e11427c628c224e8386da85486d097) Importer(815301076,1909f56bfc062723c751e8b465ee728b)  -> (artifact id: '00000000000000000000000000000000') in 0.000582 seconds
Import Error Code:(4)
Message: Build asset version error: assets/scripts/vectorservice.cs in SourceAssetDB has modification time of '2024-01-27T19:23:43.9578814Z' while content on disk has modification time of '2024-01-27T19:30:15.2499046Z'
  ERROR: Build asset version error: assets/scripts/vectorservice.cs in SourceAssetDB has modification time of '2024-01-27T19:23:43.9578814Z' while content on disk has modification time of '2024-01-27T19:30:15.2499046Z'
Number of updated asset objects reloaded before import = 0
Number of asset objects unloaded after import = 0
========================================================================
Received Import Request.
  Time since last request: 0.017170 seconds.
  path: Assets/Scripts/VectorService.cs
  artifactKey: Guid(f1e11427c628c224e8386da85486d097) Importer(815301076,1909f56bfc062723c751e8b465ee728b)
Start importing Assets/Scripts/VectorService.cs using Guid(f1e11427c628c224e8386da85486d097) Importer(815301076,1909f56bfc062723c751e8b465ee728b)  -> (artifact id: '00000000000000000000000000000000') in 0.000914 seconds
Import Error Code:(4)
Message: Build asset version error: assets/scripts/vectorservice.cs in SourceAssetDB has modification time of '2024-01-27T19:23:43.9578814Z' while content on disk has modification time of '2024-01-27T19:30:15.2499046Z'
  ERROR: Build asset version error: assets/scripts/vectorservice.cs in SourceAssetDB has modification time of '2024-01-27T19:23:43.9578814Z' while content on disk has modification time of '2024-01-27T19:30:15.2499046Z'
Number of updated asset objects reloaded before import = 0
Number of asset objects unloaded after import = 0
========================================================================
Received Import Request.
  Time since last request: 0.018493 seconds.
  path: Assets/Scripts/VectorService.cs
  artifactKey: Guid(f1e11427c628c224e8386da85486d097) Importer(815301076,1909f56bfc062723c751e8b465ee728b)
Start importing Assets/Scripts/VectorService.cs using Guid(f1e11427c628c224e8386da85486d097) Importer(815301076,1909f56bfc062723c751e8b465ee728b)  -> (artifact id: '00000000000000000000000000000000') in 0.000941 seconds
Import Error Code:(4)
Message: Build asset version error: assets/scripts/vectorservice.cs in SourceAssetDB has modification time of '2024-01-27T19:23:43.9578814Z' while content on disk has modification time of '2024-01-27T19:30:15.2499046Z'
  ERROR: Build asset version error: assets/scripts/vectorservice.cs in SourceAssetDB has modification time of '2024-01-27T19:23:43.9578814Z' while content on disk has modification time of '2024-01-27T19:30:15.2499046Z'
Number of updated asset objects reloaded before import = 0
Number of asset objects unloaded after import = 0
========================================================================
Received Import Request.
  Time since last request: 0.024265 seconds.
  path: Assets/Scripts/VectorService.cs
  artifactKey: Guid(f1e11427c628c224e8386da85486d097) Importer(815301076,1909f56bfc062723c751e8b465ee728b)
Start importing Assets/Scripts/VectorService.cs using Guid(f1e11427c628c224e8386da85486d097) Importer(815301076,1909f56bfc062723c751e8b465ee728b)  -> (artifact id: '00000000000000000000000000000000') in 0.000809 seconds
Import Error Code:(4)
Message: Build asset version error: assets/scripts/vectorservice.cs in SourceAssetDB has modification time of '2024-01-27T19:23:43.9578814Z' while content on disk has modification time of '2024-01-27T19:30:15.2499046Z'
  ERROR: Build asset version error: assets/scripts/vectorservice.cs in SourceAssetDB has modification time of '2024-01-27T19:23:43.9578814Z' while content on disk has modification time of '2024-01-27T19:30:15.2499046Z'
Number of updated asset objects reloaded before import = 0
Number of asset objects unloaded after import = 0
========================================================================
Received Import Request.
  Time since last request: 0.017264 seconds.
  path: Assets/Scripts/VectorService.cs
  artifactKey: Guid(f1e11427c628c224e8386da85486d097) Importer(815301076,1909f56bfc062723c751e8b465ee728b)
Start importing Assets/Scripts/VectorService.cs using Guid(f1e11427c628c224e8386da85486d097) Importer(815301076,1909f56bfc062723c751e8b465ee728b)  -> (artifact id: '00000000000000000000000000000000') in 0.000996 seconds
Import Error Code:(4)
Message: Build asset version error: assets/scripts/vectorservice.cs in SourceAssetDB has modification time of '2024-01-27T19:23:43.9578814Z' while content on disk has modification time of '2024-01-27T19:30:15.2499046Z'
  ERROR: Build asset version error: assets/scripts/vectorservice.cs in SourceAssetDB has modification time of '2024-01-27T19:23:43.9578814Z' while content on disk has modification time of '2024-01-27T19:30:15.2499046Z'
Number of updated asset objects reloaded before import = 0
Number of asset objects unloaded after import = 0
========================================================================
Received Import Request.
  Time since last request: 0.017116 seconds.
  path: Assets/Scripts/VectorService.cs
  artifactKey: Guid(f1e11427c628c224e8386da85486d097) Importer(815301076,1909f56bfc062723c751e8b465ee728b)
Start importing Assets/Scripts/VectorService.cs using Guid(f1e11427c628c224e8386da85486d097) Importer(815301076,1909f56bfc062723c751e8b465ee728b)  -> (artifact id: '00000000000000000000000000000000') in 0.000918 seconds
Import Error Code:(4)
Message: Build asset version error: assets/scripts/vectorservice.cs in SourceAssetDB has modification time of '2024-01-27T19:23:43.9578814Z' while content on disk has modification time of '2024-01-27T19:30:15.2499046Z'
  ERROR: Build asset version error: assets/scripts/vectorservice.cs in SourceAssetDB has modification time of '2024-01-27T19:23:43.9578814Z' while content on disk has modification time of '2024-01-27T19:30:15.2499046Z'
Number of updated asset objects reloaded before import = 0
Number of asset objects unloaded after import = 0
========================================================================
Received Import Request.
  Time since last request: 0.019046 seconds.
  path: Assets/Scripts/VectorService.cs
  artifactKey: Guid(f1e11427c628c224e8386da85486d097) Importer(815301076,1909f56bfc062723c751e8b465ee728b)
Start importing Assets/Scripts/VectorService.cs using Guid(f1e11427c628c224e8386da85486d097) Importer(815301076,1909f56bfc062723c751e8b465ee728b)  -> (artifact id: '00000000000000000000000000000000') in 0.000879 seconds
Import Error Code:(4)
Message: Build asset version error: assets/scripts/vectorservice.cs in SourceAssetDB has modification time of '2024-01-27T19:23:43.9578814Z' while content on disk has modification time of '2024-01-27T19:30:15.2499046Z'
  ERROR: Build asset version error: assets/scripts/vectorservice.cs in SourceAssetDB has modification time of '2024-01-27T19:23:43.9578814Z' while content on disk has modification time of '2024-01-27T19:30:15.2499046Z'
Number of updated asset objects reloaded before import = 0
Number of asset objects unloaded after import = 0
========================================================================
Received Import Request.
  Time since last request: 0.017064 seconds.
  path: Assets/Scripts/VectorService.cs
  artifactKey: Guid(f1e11427c628c224e8386da85486d097) Importer(815301076,1909f56bfc062723c751e8b465ee728b)
Start importing Assets/Scripts/VectorService.cs using Guid(f1e11427c628c224e8386da85486d097) Importer(815301076,1909f56bfc062723c751e8b465ee728b)  -> (artifact id: '00000000000000000000000000000000') in 0.000745 seconds
Import Error Code:(4)
Message: Build asset version error: assets/scripts/vectorservice.cs in SourceAssetDB has modification time of '2024-01-27T19:23:43.9578814Z' while content on disk has modification time of '2024-01-27T19:30:15.2499046Z'
  ERROR: Build asset version error: assets/scripts/vectorservice.cs in SourceAssetDB has modification time of '2024-01-27T19:23:43.9578814Z' while content on disk has modification time of '2024-01-27T19:30:15.2499046Z'
Number of updated asset objects reloaded before import = 0
Number of asset objects unloaded after import = 0
========================================================================
Received Import Request.
  Time since last request: 0.021905 seconds.
  path: Assets/Scripts/VectorService.cs
  artifactKey: Guid(f1e11427c628c224e8386da85486d097) Importer(815301076,1909f56bfc062723c751e8b465ee728b)
Start importing Assets/Scripts/VectorService.cs using Guid(f1e11427c628c224e8386da85486d097) Importer(815301076,1909f56bfc062723c751e8b465ee728b)  -> (artifact id: '00000000000000000000000000000000') in 0.001077 seconds
Import Error Code:(4)
Message: Build asset version error: assets/scripts/vectorservice.cs in SourceAssetDB has modification time of '2024-01-27T19:23:43.9578814Z' while content on disk has modification time of '2024-01-27T19:30:15.2499046Z'
  ERROR: Build asset version error: assets/scripts/vectorservice.cs in SourceAssetDB has modification time of '2024-01-27T19:23:43.9578814Z' while content on disk has modification time of '2024-01-27T19:30:15.2499046Z'
Number of updated asset objects reloaded before import = 0
Number of asset objects unloaded after import = 0
========================================================================
Received Prepare
Begin MonoManager ReloadAssembly
- Loaded All Assemblies, in  2.276 seconds
Refreshing native plugins compatible for Editor in 5.31 ms, found 3 plugins.
